<?xml version="1.0" encoding="UTF-8"?>
<!-- Generated by org.testng.reporters.JUnitXMLReporter -->
<testsuite ignored="2" hostname="DESKTOP-4T13P6B" failures="0" tests="2" name="Test2" time="51.813" errors="0" timestamp="2022-05-24T10:04:33 IST">
  <testcase classname="com.vtiger.productTest.CreateProductTest" name="createProductTest" time="12.671"/>
  <testcase classname="com.vtiger.contactsTest.CreateContactsTest" name="createContactsTest" time="13.398"/>
  <testcase classname="com.sdet34l1.genericLibrary.BaseClass" name="@BeforeSuite beforeSuiteTest" time="0.0">
    <ignored/>
  </testcase> <!-- @BeforeSuite beforeSuiteTest -->
  <testcase classname="com.sdet34l1.genericLibrary.BaseClass" name="@AfterSuite afterSuiteTest" time="0.0">
    <ignored/>
  </testcase> <!-- @AfterSuite afterSuiteTest -->
</testsuite> <!-- Test2 -->
