<?xml version="1.0" encoding="UTF-8"?>
<testng-results ignored="0" total="1" passed="1" failed="0" skipped="0">
  <reporter-output>
  </reporter-output>
  <suite started-at="2022-05-27T09:50:59 IST" name="Suite" finished-at="2022-05-27T09:51:23 IST" duration-ms="23905">
    <groups>
      <group name="sanity">
        <method signature="CreateContactsTest.createContactsTest()[pri:0, instance:com.vtiger.contactsTest.CreateContactsTest@598260a6]" name="createContactsTest" class="com.vtiger.contactsTest.CreateContactsTest"/>
      </group> <!-- sanity -->
    </groups>
    <test started-at="2022-05-27T09:50:59 IST" name="Test" finished-at="2022-05-27T09:51:23 IST" duration-ms="23905">
      <class name="com.vtiger.contactsTest.CreateContactsTest">
        <test-method is-config="true" signature="beforeSuiteTest()[pri:0, instance:com.vtiger.contactsTest.CreateContactsTest@598260a6]" started-at="2022-05-27T09:50:59 IST" name="beforeSuiteTest" finished-at="2022-05-27T09:50:59 IST" duration-ms="44" status="PASS">
          <reporter-output>
          </reporter-output>
        </test-method> <!-- beforeSuiteTest -->
        <test-method is-config="true" signature="beforeClassTest()[pri:0, instance:com.vtiger.contactsTest.CreateContactsTest@598260a6]" started-at="2022-05-27T09:51:00 IST" name="beforeClassTest" finished-at="2022-05-27T09:51:08 IST" duration-ms="7250" status="PASS">
          <reporter-output>
          </reporter-output>
        </test-method> <!-- beforeClassTest -->
        <test-method is-config="true" signature="beforeMethod1Test()[pri:0, instance:com.vtiger.contactsTest.CreateContactsTest@598260a6]" started-at="2022-05-27T09:51:08 IST" name="beforeMethod1Test" finished-at="2022-05-27T09:51:11 IST" duration-ms="2980" status="PASS">
          <reporter-output>
          </reporter-output>
        </test-method> <!-- beforeMethod1Test -->
        <test-method signature="createContactsTest()[pri:0, instance:com.vtiger.contactsTest.CreateContactsTest@598260a6]" started-at="2022-05-27T09:51:11 IST" name="createContactsTest" description="testng:- CreateContactTest" finished-at="2022-05-27T09:51:21 IST" duration-ms="10599" status="PASS">
          <reporter-output>
          </reporter-output>
        </test-method> <!-- createContactsTest -->
        <test-method is-config="true" signature="afterMethod()[pri:0, instance:com.vtiger.contactsTest.CreateContactsTest@598260a6]" started-at="2022-05-27T09:51:22 IST" name="afterMethod" finished-at="2022-05-27T09:51:23 IST" duration-ms="1471" status="PASS">
          <reporter-output>
          </reporter-output>
        </test-method> <!-- afterMethod -->
        <test-method is-config="true" signature="afterClassTest()[pri:0, instance:com.vtiger.contactsTest.CreateContactsTest@598260a6]" started-at="2022-05-27T09:51:23 IST" name="afterClassTest" finished-at="2022-05-27T09:51:23 IST" duration-ms="302" status="PASS">
          <reporter-output>
          </reporter-output>
        </test-method> <!-- afterClassTest -->
        <test-method is-config="true" signature="afterSuiteTest()[pri:0, instance:com.vtiger.contactsTest.CreateContactsTest@598260a6]" started-at="2022-05-27T09:51:24 IST" name="afterSuiteTest" finished-at="2022-05-27T09:51:24 IST" duration-ms="1" status="FAIL">
          <exception class="java.lang.NullPointerException">
            <message>
              <![CDATA[Cannot invoke "org.apache.poi.ss.usermodel.Workbook.close()" because "this.wb" is null]]>
            </message>
            <full-stacktrace>
              <![CDATA[java.lang.NullPointerException: Cannot invoke "org.apache.poi.ss.usermodel.Workbook.close()" because "this.wb" is null
at com.sdet34l1.genericLibrary.ExcelLibrary.closeExcel(ExcelLibrary.java:105)
at com.sdet34l1.genericLibrary.BaseClass.afterSuiteTest(BaseClass.java:154)
at java.base/jdk.internal.reflect.NativeMethodAccessorImpl.invoke0(Native Method)
at java.base/jdk.internal.reflect.NativeMethodAccessorImpl.invoke(NativeMethodAccessorImpl.java:78)
at java.base/jdk.internal.reflect.DelegatingMethodAccessorImpl.invoke(DelegatingMethodAccessorImpl.java:43)
at java.base/java.lang.reflect.Method.invoke(Method.java:567)
at org.testng.internal.MethodInvocationHelper.invokeMethod(MethodInvocationHelper.java:133)
at org.testng.internal.MethodInvocationHelper.invokeMethodConsideringTimeout(MethodInvocationHelper.java:62)
at org.testng.internal.ConfigInvoker.invokeConfigurationMethod(ConfigInvoker.java:385)
at org.testng.internal.ConfigInvoker.invokeConfigurations(ConfigInvoker.java:321)
at org.testng.SuiteRunner.privateRun(SuiteRunner.java:344)
at org.testng.SuiteRunner.run(SuiteRunner.java:276)
at org.testng.SuiteRunnerWorker.runSuite(SuiteRunnerWorker.java:53)
at org.testng.SuiteRunnerWorker.run(SuiteRunnerWorker.java:96)
at org.testng.TestNG.runSuitesSequentially(TestNG.java:1212)
at org.testng.TestNG.runSuitesLocally(TestNG.java:1134)
at org.testng.TestNG.runSuites(TestNG.java:1063)
at org.testng.TestNG.run(TestNG.java:1031)
at org.testng.remote.AbstractRemoteTestNG.run(AbstractRemoteTestNG.java:115)
at org.testng.remote.RemoteTestNG.initAndRun(RemoteTestNG.java:251)
at org.testng.remote.RemoteTestNG.main(RemoteTestNG.java:77)
]]>
            </full-stacktrace>
          </exception> <!-- java.lang.NullPointerException -->
          <reporter-output>
          </reporter-output>
        </test-method> <!-- afterSuiteTest -->
      </class> <!-- com.vtiger.contactsTest.CreateContactsTest -->
    </test> <!-- Test -->
  </suite> <!-- Suite -->
</testng-results>
